Unity Editor version:    2021.2.9f1 (921b45a28ab6)
Branch:                  2021.2/staging
Build type:              Release
Batch mode:              YES
macOS version:           Version 12.2.1 (Build 21D62)
Darwin version:          21.3.0
Architecture:            arm64
Running under Rosetta:   NO
Available memory:        8192 MB
Using pre-set license
Pro License: NO

COMMAND LINE ARGUMENTS:
/Applications/Unity/Hub/Editor/2021.2.9f1/Unity.app/Contents/MacOS/Unity
-adb2
-batchMode
-noUpm
-name
AssetImportWorker1
-projectPath
/Users/laurie/GitHub/Roll_a_Ball_Evolved
-logFile
Logs/AssetImportWorker1.log
-srvPort
49173
Successfully changed project path to: /Users/laurie/GitHub/Roll_a_Ball_Evolved
/Users/laurie/GitHub/Roll_a_Ball_Evolved
[UnityMemory] Configuration Parameters - Can be set up in boot.config
    "memorysetup-bucket-allocator-granularity=16"
    "memorysetup-bucket-allocator-bucket-count=8"
    "memorysetup-bucket-allocator-block-size=33554432"
    "memorysetup-bucket-allocator-block-count=8"
    "memorysetup-main-allocator-block-size=16777216"
    "memorysetup-thread-allocator-block-size=16777216"
    "memorysetup-gfx-main-allocator-block-size=16777216"
    "memorysetup-gfx-thread-allocator-block-size=16777216"
    "memorysetup-cache-allocator-block-size=4194304"
    "memorysetup-typetree-allocator-block-size=2097152"
    "memorysetup-profiler-bucket-allocator-granularity=16"
    "memorysetup-profiler-bucket-allocator-bucket-count=8"
    "memorysetup-profiler-bucket-allocator-block-size=33554432"
    "memorysetup-profiler-bucket-allocator-block-count=8"
    "memorysetup-profiler-allocator-block-size=16777216"
    "memorysetup-profiler-editor-allocator-block-size=1048576"
    "memorysetup-temp-allocator-size-main=16777216"
    "memorysetup-job-temp-allocator-block-size=2097152"
    "memorysetup-job-temp-allocator-block-size-background=1048576"
    "memorysetup-job-temp-allocator-reduction-small-platforms=262144"
    "memorysetup-temp-allocator-size-background-worker=32768"
    "memorysetup-temp-allocator-size-job-worker=262144"
    "memorysetup-temp-allocator-size-preload-manager=33554432"
    "memorysetup-temp-allocator-size-nav-mesh-worker=65536"
    "memorysetup-temp-allocator-size-audio-worker=65536"
    "memorysetup-temp-allocator-size-cloud-worker=32768"
    "memorysetup-temp-allocator-size-gi-baking-worker=262144"
    "memorysetup-temp-allocator-size-gfx=262144"
Refreshing native plugins compatible for Editor in 94.61 ms, found 2 plugins.
Preloading 0 native plugins for Editor in 0.00 ms.
Initialize engine version: 2021.2.9f1 (921b45a28ab6)
[Subsystems] Discovering subsystems at path /Applications/Unity/Hub/Editor/2021.2.9f1/Unity.app/Contents/Resources/UnitySubsystems
[Subsystems] Discovering subsystems at path /Users/laurie/GitHub/Roll_a_Ball_Evolved/Assets
GfxDevice: creating device client; threaded=0; jobified=0
 preferred device: Apple M1 (high power)
Metal devices available: 1
0: Apple M1 (high power)
Using device Apple M1 (high power)
Initializing Metal device caps: Apple M1
Initialize mono
Mono path[0] = '/Applications/Unity/Hub/Editor/2021.2.9f1/Unity.app/Contents/Managed'
Mono path[1] = '/Applications/Unity/Hub/Editor/2021.2.9f1/Unity.app/Contents/MonoBleedingEdge/lib/mono/unityjit-macos'
Mono config path = '/Applications/Unity/Hub/Editor/2021.2.9f1/Unity.app/Contents/MonoBleedingEdge/etc'
Using monoOptions --debugger-agent=transport=dt_socket,embedding=1,server=y,suspend=n,address=127.0.0.1:56584
Begin MonoManager ReloadAssembly
Registering precompiled unity dll's ...
Register platform support module: /Applications/Unity/Hub/Editor/2021.2.9f1/Unity.app/Contents/PlaybackEngines/MacStandaloneSupport/UnityEditor.OSXStandalone.Extensions.dll
Registered in 0.000919 seconds.
Native extension for OSXStandalone target not found
Refreshing native plugins compatible for Editor in 90.54 ms, found 2 plugins.
Preloading 0 native plugins for Editor in 0.00 ms.
Mono: successfully reloaded assembly
- Completed reload, in  0.431 seconds
Domain Reload Profiling:
	ReloadAssembly (431ms)
		BeginReloadAssembly (70ms)
			ExecutionOrderSort (0ms)
			DisableScriptedObjects (0ms)
			BackupInstance (0ms)
			ReleaseScriptingObjects (0ms)
			CreateAndSetChildDomain (0ms)
		EndReloadAssembly (313ms)
			LoadAssemblies (70ms)
			RebuildTransferFunctionScriptingTraits (0ms)
			SetupTypeCache (70ms)
			ReleaseScriptCaches (0ms)
			RebuildScriptCaches (17ms)
			SetupLoadedEditorAssemblies (197ms)
				LogAssemblyErrors (0ms)
				InitializePlatformSupportModulesInManaged (7ms)
				SetLoadedEditorAssemblies (0ms)
				RefreshPlugins (91ms)
				BeforeProcessingInitializeOnLoad (2ms)
				ProcessInitializeOnLoadAttributes (73ms)
				ProcessInitializeOnLoadMethodAttributes (24ms)
				AfterProcessingInitializeOnLoad (0ms)
				EditorAssembliesLoaded (0ms)
			ExecutionOrderSort2 (0ms)
			AwakeInstancesAfterBackupRestoration (0ms)
Platform modules already initialized, skipping
Registering precompiled user dll's ...
Registered in 0.003296 seconds.
Begin MonoManager ReloadAssembly
Symbol file LoadedFromMemory doesn't match image /Users/laurie/GitHub/Roll_a_Ball_Evolved/Library/PackageCache/com.unity.visualscripting@1.7.6/Editor/VisualScripting.Core/Dependencies/YamlDotNet/Unity.VisualScripting.YamlDotNet.dll
Symbol file LoadedFromMemory doesn't match image /Users/laurie/GitHub/Roll_a_Ball_Evolved/Library/PackageCache/com.unity.visualscripting@1.7.6/Editor/VisualScripting.Core/Dependencies/DotNetZip/Unity.VisualScripting.IonicZip.dll
Native extension for OSXStandalone target not found
Refreshing native plugins compatible for Editor in 95.41 ms, found 2 plugins.
Preloading 0 native plugins for Editor in 0.00 ms.
System.NullReferenceException: Object reference not set to an instance of an object
  at Unity.Services.Core.Editor.PackageConfig..ctor (UnityEditor.PackageManager.PackageInfo packageInfo) [0x00001] in /Users/laurie/GitHub/Roll_a_Ball_Evolved/Library/PackageCache/com.unity.services.core@1.1.0-pre.69/Editor/Core/Telemetry/PackageConfig.cs:15 
  at Unity.Services.Core.Editor.OperatePackageVersionConfigProvider.<FindAllOperatePackageInProject>g__GetPackageConfigFrom|7_0 (System.Type type) [0x0000d] in /Users/laurie/GitHub/Roll_a_Ball_Evolved/Library/PackageCache/com.unity.services.core@1.1.0-pre.69/Editor/Core/Telemetry/OperatePackageVersionConfigProvider.cs:50 
  at System.Linq.Enumerable+SelectIListIterator`2[TSource,TResult].MoveNext () [0x00048] in <37609d1fc2d04496895227262e1b2fe0>:0 
  at System.Linq.Set`1[TElement].UnionWith (System.Collections.Generic.IEnumerable`1[T] other) [0x00018] in <37609d1fc2d04496895227262e1b2fe0>:0 
  at System.Linq.Enumerable+DistinctIterator`1[TSource].FillSet () [0x0000b] in <37609d1fc2d04496895227262e1b2fe0>:0 
  at System.Linq.Enumerable+DistinctIterator`1[TSource].ToList () [0x00000] in <37609d1fc2d04496895227262e1b2fe0>:0 
  at System.Linq.Enumerable.ToList[TSource] (System.Collections.Generic.IEnumerable`1[T] source) [0x0001f] in <37609d1fc2d04496895227262e1b2fe0>:0 
  at Unity.Services.Core.Editor.OperatePackageVersionConfigProvider.FindAllOperatePackageInProject () [0x00001] in /Users/laurie/GitHub/Roll_a_Ball_Evolved/Library/PackageCache/com.unity.services.core@1.1.0-pre.69/Editor/Core/Telemetry/OperatePackageVersionConfigProvider.cs:41 
  at Unity.Services.Core.Editor.OperatePackageVersionConfigProvider..cctor () [0x00001] in /Users/laurie/GitHub/Roll_a_Ball_Evolved/Library/PackageCache/com.unity.services.core@1.1.0-pre.69/Editor/Core/Telemetry/OperatePackageVersionConfigProvider.cs:20 
UnityEngine.StackTraceUtility:ExtractStackTrace () (at /Users/bokken/buildslave/unity/build/Runtime/Export/Scripting/StackTrace.cs:37)
UnityEngine.DebugLogHandler:LogFormat (UnityEngine.LogType,UnityEngine.Object,string,object[])
UnityEngine.Logger:Log (UnityEngine.LogType,object)
UnityEngine.Debug:LogError (object)
UnityEditor.EditorAssemblies:ProcessInitializeOnLoadAttributes (System.Type[]) (at /Users/bokken/buildslave/unity/build/Editor/Mono/EditorAssemblies.cs:130)

(Filename: /Users/bokken/buildslave/unity/build/Editor/Mono/EditorAssemblies.cs Line: 130)

System.Reflection.TargetInvocationException: Exception has been thrown by the target of an invocation. ---> System.Reflection.TargetInvocationException: Exception has been thrown by the target of an invocation. ---> System.TypeInitializationException: The type initializer for 'Unity.Services.Core.Editor.OperatePackageVersionConfigProvider' threw an exception. ---> System.NullReferenceException: Object reference not set to an instance of an object
  at Unity.Services.Core.Editor.PackageConfig..ctor (UnityEditor.PackageManager.PackageInfo packageInfo) [0x00001] in /Users/laurie/GitHub/Roll_a_Ball_Evolved/Library/PackageCache/com.unity.services.core@1.1.0-pre.69/Editor/Core/Telemetry/PackageConfig.cs:15 
  at Unity.Services.Core.Editor.OperatePackageVersionConfigProvider.<FindAllOperatePackageInProject>g__GetPackageConfigFrom|7_0 (System.Type type) [0x0000d] in /Users/laurie/GitHub/Roll_a_Ball_Evolved/Library/PackageCache/com.unity.services.core@1.1.0-pre.69/Editor/Core/Telemetry/OperatePackageVersionConfigProvider.cs:50 
  at System.Linq.Enumerable+SelectIListIterator`2[TSource,TResult].MoveNext () [0x00048] in <37609d1fc2d04496895227262e1b2fe0>:0 
  at System.Linq.Set`1[TElement].UnionWith (System.Collections.Generic.IEnumerable`1[T] other) [0x00018] in <37609d1fc2d04496895227262e1b2fe0>:0 
  at System.Linq.Enumerable+DistinctIterator`1[TSource].FillSet () [0x0000b] in <37609d1fc2d04496895227262e1b2fe0>:0 
  at System.Linq.Enumerable+DistinctIterator`1[TSource].ToList () [0x00000] in <37609d1fc2d04496895227262e1b2fe0>:0 
  at System.Linq.Enumerable.ToList[TSource] (System.Collections.Generic.IEnumerable`1[T] source) [0x0001f] in <37609d1fc2d04496895227262e1b2fe0>:0 
  at Unity.Services.Core.Editor.OperatePackageVersionConfigProvider.FindAllOperatePackageInProject () [0x00001] in /Users/laurie/GitHub/Roll_a_Ball_Evolved/Library/PackageCache/com.unity.services.core@1.1.0-pre.69/Editor/Core/Telemetry/OperatePackageVersionConfigProvider.cs:41 
  at Unity.Services.Core.Editor.OperatePackageVersionConfigProvider..cctor () [0x00001] in /Users/laurie/GitHub/Roll_a_Ball_Evolved/Library/PackageCache/com.unity.services.core@1.1.0-pre.69/Editor/Core/Telemetry/OperatePackageVersionConfigProvider.cs:20 
   --- End of inner exception stack trace ---
  at (wrapper managed-to-native) System.Reflection.RuntimeConstructorInfo.InternalInvoke(System.Reflection.RuntimeConstructorInfo,object,object[],System.Exception&)
  at System.Reflection.RuntimeConstructorInfo.InternalInvoke (System.Object obj, System.Object[] parameters, System.Boolean wrapExceptions) [0x00005] in <e7b4371ec0dc4ed2ab84299cc150e9c3>:0 
   --- End of inner exception stack trace ---
  at System.Reflection.RuntimeConstructorInfo.InternalInvoke (System.Object obj, System.Object[] parameters, System.Boolean wrapExceptions) [0x0001a] in <e7b4371ec0dc4ed2ab84299cc150e9c3>:0 
  at System.RuntimeType.CreateInstanceMono (System.Boolean nonPublic, System.Boolean wrapExceptions) [0x00095] in <e7b4371ec0dc4ed2ab84299cc150e9c3>:0 
  at System.RuntimeType.CreateInstanceSlow (System.Boolean publicOnly, System.Boolean wrapExceptions, System.Boolean skipCheckThis, System.Boolean fillCache) [0x00009] in <e7b4371ec0dc4ed2ab84299cc150e9c3>:0 
  at System.RuntimeType.CreateInstanceDefaultCtor (System.Boolean publicOnly, System.Boolean skipCheckThis, System.Boolean fillCache, System.Boolean wrapExceptions, System.Threading.StackCrawlMark& stackMark) [0x00027] in <e7b4371ec0dc4ed2ab84299cc150e9c3>:0 
  at System.Activator.CreateInstance (System.Type type, System.Boolean nonPublic, System.Boolean wrapExceptions) [0x0002c] in <e7b4371ec0dc4ed2ab84299cc150e9c3>:0 
  at System.Activator.CreateInstance (System.Type type, System.Boolean nonPublic) [0x00000] in <e7b4371ec0dc4ed2ab84299cc150e9c3>:0 
  at System.Activator.CreateInstance (System.Type type) [0x00000] in <e7b4371ec0dc4ed2ab84299cc150e9c3>:0 
  at Unity.Services.Core.Configuration.Editor.ProjectConfigurationBuilder+<>c.<GenerateOrderedConfigurationProviders>b__5_1 (System.Type type) [0x00000] in /Users/laurie/GitHub/Roll_a_Ball_Evolved/Library/PackageCache/com.unity.services.core@1.1.0-pre.69/Editor/Core/Configuration/ProjectConfigurationBuilder.cs:46 
  at System.Linq.Enumerable+WhereSelectEnumerableIterator`2[TSource,TResult].ToArray () [0x0002b] in <37609d1fc2d04496895227262e1b2fe0>:0 
  at System.Linq.Buffer`1[TElement]..ctor (System.Collections.Generic.IEnumerable`1[T] source) [0x0000a] in <37609d1fc2d04496895227262e1b2fe0>:0 
  at System.Linq.OrderedEnumerable`1[TElement].ToArray () [0x00000] in <37609d1fc2d04496895227262e1b2fe0>:0 
  at System.Linq.Enumerable.ToArray[TSource] (System.Collections.Generic.IEnumerable`1[T] source) [0x0001f] in <37609d1fc2d04496895227262e1b2fe0>:0 
  at Unity.Services.Core.Configuration.Editor.ProjectConfigurationBuilder.GenerateOrderedConfigurationProviders () [0x00001] in /Users/laurie/GitHub/Roll_a_Ball_Evolved/Library/PackageCache/com.unity.services.core@1.1.0-pre.69/Editor/Core/Configuration/ProjectConfigurationBuilder.cs:44 
  at Unity.Services.Core.Configuration.Editor.ProjectConfigurationBuilder.CreateEditorInstanceIfNone () [0x00013] in /Users/laurie/GitHub/Roll_a_Ball_Evolved/Library/PackageCache/com.unity.services.core@1.1.0-pre.69/Editor/Core/Configuration/ProjectConfigurationBuilder.cs:38 
  at (wrapper managed-to-native) System.Reflection.RuntimeMethodInfo.InternalInvoke(System.Reflection.RuntimeMethodInfo,object,object[],System.Exception&)
  at System.Reflection.RuntimeMethodInfo.Invoke (System.Object obj, System.Reflection.BindingFlags invokeAttr, System.Reflection.Binder binder, System.Object[] parameters, System.Globalization.CultureInfo culture) [0x0006a] in <e7b4371ec0dc4ed2ab84299cc150e9c3>:0 
   --- End of inner exception stack trace ---
  at System.Reflection.RuntimeMethodInfo.Invoke (System.Object obj, System.Reflection.BindingFlags invokeAttr, System.Reflection.Binder binder, System.Object[] parameters, System.Globalization.CultureInfo culture) [0x00083] in <e7b4371ec0dc4ed2ab84299cc150e9c3>:0 
  at System.Reflection.MethodBase.Invoke (System.Object obj, System.Object[] parameters) [0x00000] in <e7b4371ec0dc4ed2ab84299cc150e9c3>:0 
  at UnityEditor.EditorAssemblies.ProcessInitializeOnLoadMethodAttributes () [0x000a5] in /Users/bokken/buildslave/unity/build/Editor/Mono/EditorAssemblies.cs:147 
UnityEngine.StackTraceUtility:ExtractStackTrace () (at /Users/bokken/buildslave/unity/build/Runtime/Export/Scripting/StackTrace.cs:37)
UnityEngine.DebugLogHandler:LogFormat (UnityEngine.LogType,UnityEngine.Object,string,object[])
UnityEngine.Logger:Log (UnityEngine.LogType,object)
UnityEngine.Debug:LogError (object)
UnityEditor.EditorAssemblies:ProcessInitializeOnLoadMethodAttributes () (at /Users/bokken/buildslave/unity/build/Editor/Mono/EditorAssemblies.cs:151)

(Filename: /Users/bokken/buildslave/unity/build/Editor/Mono/EditorAssemblies.cs Line: 151)

Mono: successfully reloaded assembly
- Completed reload, in  1.701 seconds
Domain Reload Profiling:
	ReloadAssembly (1702ms)
		BeginReloadAssembly (56ms)
			ExecutionOrderSort (0ms)
			DisableScriptedObjects (3ms)
			BackupInstance (0ms)
			ReleaseScriptingObjects (0ms)
			CreateAndSetChildDomain (13ms)
		EndReloadAssembly (1577ms)
			LoadAssemblies (80ms)
			RebuildTransferFunctionScriptingTraits (0ms)
			SetupTypeCache (195ms)
			ReleaseScriptCaches (2ms)
			RebuildScriptCaches (46ms)
			SetupLoadedEditorAssemblies (1221ms)
				LogAssemblyErrors (0ms)
				InitializePlatformSupportModulesInManaged (5ms)
				SetLoadedEditorAssemblies (0ms)
				RefreshPlugins (95ms)
				BeforeProcessingInitializeOnLoad (76ms)
				ProcessInitializeOnLoadAttributes (999ms)
				ProcessInitializeOnLoadMethodAttributes (45ms)
				AfterProcessingInitializeOnLoad (1ms)
				EditorAssembliesLoaded (0ms)
			ExecutionOrderSort2 (0ms)
			AwakeInstancesAfterBackupRestoration (2ms)
Platform modules already initialized, skipping
========================================================================
Worker process is ready to serve import requests
Launching external process: /Applications/Unity/Hub/Editor/2021.2.9f1/Unity.app/Contents/Tools/UnityShaderCompiler
Launched and connected shader compiler UnityShaderCompiler after 0.28 seconds
Refreshing native plugins compatible for Editor in 0.66 ms, found 2 plugins.
Preloading 0 native plugins for Editor in 0.00 ms.
Unloading 5860 Unused Serialized files (Serialized files now loaded: 0)
Unloading 40 unused Assets / (0.7 MB). Loaded Objects now: 6310.
Memory consumption went from 370.9 MB to 370.2 MB.
Total: 3.396000 ms (FindLiveObjects: 0.395208 ms CreateObjectMapping: 0.077792 ms MarkObjects: 2.683500 ms  DeleteObjects: 0.238750 ms)

AssetImportParameters requested are different than current active one (requested -> active):
  custom:video-decoder-ogg-theora: a1e56fd34408186e4bbccfd4996cb3dc -> 
  custom:container-muxer-webm: aa71ff27fc2769a1b78a27578f13a17b -> 
  custom:container-demuxer-webm: 4f35f7cbe854078d1ac9338744f61a02 -> 
  custom:video-encoder-webm-vp8: eb34c28f22e8b96e1ab97ce403110664 -> 
  custom:framework-osx-AVFoundation: e770b220cccbd017edd2c1fefb359320 -> 
  custom:audio-encoder-webm-vorbis: bf7c407c2cedff20999df2af8eb42d56 -> 
  custom:container-demuxer-ogg: 62fdf1f143b41e24485cea50d1cbac27 -> 
  custom:video-decoder-webm-vp8: 9c59270c3fd7afecdb556c50c9e8de78 -> 
  custom:audio-decoder-ogg-vorbis: bf7c407c2cedff20999df2af8eb42d56 -> 
========================================================================
Received Prepare
Registering precompiled user dll's ...
Registered in 0.001360 seconds.
Begin MonoManager ReloadAssembly
Thread 0x16ea4f000 may have been prematurely finalized
Symbol file LoadedFromMemory doesn't match image /Users/laurie/GitHub/Roll_a_Ball_Evolved/Library/PackageCache/com.unity.visualscripting@1.7.6/Editor/VisualScripting.Core/Dependencies/YamlDotNet/Unity.VisualScripting.YamlDotNet.dll
Symbol file LoadedFromMemory doesn't match image /Users/laurie/GitHub/Roll_a_Ball_Evolved/Library/PackageCache/com.unity.visualscripting@1.7.6/Editor/VisualScripting.Core/Dependencies/DotNetZip/Unity.VisualScripting.IonicZip.dll
Native extension for OSXStandalone target not found
Refreshing native plugins compatible for Editor in 0.81 ms, found 2 plugins.
Preloading 0 native plugins for Editor in 0.00 ms.
System.NullReferenceException: Object reference not set to an instance of an object
  at Unity.Services.Core.Editor.PackageConfig..ctor (UnityEditor.PackageManager.PackageInfo packageInfo) [0x00001] in /Users/laurie/GitHub/Roll_a_Ball_Evolved/Library/PackageCache/com.unity.services.core@1.1.0-pre.69/Editor/Core/Telemetry/PackageConfig.cs:15 
  at Unity.Services.Core.Editor.OperatePackageVersionConfigProvider.<FindAllOperatePackageInProject>g__GetPackageConfigFrom|7_0 (System.Type type) [0x0000d] in /Users/laurie/GitHub/Roll_a_Ball_Evolved/Library/PackageCache/com.unity.services.core@1.1.0-pre.69/Editor/Core/Telemetry/OperatePackageVersionConfigProvider.cs:50 
  at System.Linq.Enumerable+SelectIListIterator`2[TSource,TResult].MoveNext () [0x00048] in <37609d1fc2d04496895227262e1b2fe0>:0 
  at System.Linq.Set`1[TElement].UnionWith (System.Collections.Generic.IEnumerable`1[T] other) [0x00018] in <37609d1fc2d04496895227262e1b2fe0>:0 
  at System.Linq.Enumerable+DistinctIterator`1[TSource].FillSet () [0x0000b] in <37609d1fc2d04496895227262e1b2fe0>:0 
  at System.Linq.Enumerable+DistinctIterator`1[TSource].ToList () [0x00000] in <37609d1fc2d04496895227262e1b2fe0>:0 
  at System.Linq.Enumerable.ToList[TSource] (System.Collections.Generic.IEnumerable`1[T] source) [0x0001f] in <37609d1fc2d04496895227262e1b2fe0>:0 
  at Unity.Services.Core.Editor.OperatePackageVersionConfigProvider.FindAllOperatePackageInProject () [0x00001] in /Users/laurie/GitHub/Roll_a_Ball_Evolved/Library/PackageCache/com.unity.services.core@1.1.0-pre.69/Editor/Core/Telemetry/OperatePackageVersionConfigProvider.cs:41 
  at Unity.Services.Core.Editor.OperatePackageVersionConfigProvider..cctor () [0x00001] in /Users/laurie/GitHub/Roll_a_Ball_Evolved/Library/PackageCache/com.unity.services.core@1.1.0-pre.69/Editor/Core/Telemetry/OperatePackageVersionConfigProvider.cs:20 
UnityEngine.StackTraceUtility:ExtractStackTrace () (at /Users/bokken/buildslave/unity/build/Runtime/Export/Scripting/StackTrace.cs:37)
UnityEngine.DebugLogHandler:LogFormat (UnityEngine.LogType,UnityEngine.Object,string,object[])
UnityEngine.Logger:Log (UnityEngine.LogType,object)
UnityEngine.Debug:LogError (object)
UnityEditor.EditorAssemblies:ProcessInitializeOnLoadAttributes (System.Type[]) (at /Users/bokken/buildslave/unity/build/Editor/Mono/EditorAssemblies.cs:130)

(Filename: /Users/bokken/buildslave/unity/build/Editor/Mono/EditorAssemblies.cs Line: 130)

System.Reflection.TargetInvocationException: Exception has been thrown by the target of an invocation. ---> System.Reflection.TargetInvocationException: Exception has been thrown by the target of an invocation. ---> System.TypeInitializationException: The type initializer for 'Unity.Services.Core.Editor.OperatePackageVersionConfigProvider' threw an exception. ---> System.NullReferenceException: Object reference not set to an instance of an object
  at Unity.Services.Core.Editor.PackageConfig..ctor (UnityEditor.PackageManager.PackageInfo packageInfo) [0x00001] in /Users/laurie/GitHub/Roll_a_Ball_Evolved/Library/PackageCache/com.unity.services.core@1.1.0-pre.69/Editor/Core/Telemetry/PackageConfig.cs:15 
  at Unity.Services.Core.Editor.OperatePackageVersionConfigProvider.<FindAllOperatePackageInProject>g__GetPackageConfigFrom|7_0 (System.Type type) [0x0000d] in /Users/laurie/GitHub/Roll_a_Ball_Evolved/Library/PackageCache/com.unity.services.core@1.1.0-pre.69/Editor/Core/Telemetry/OperatePackageVersionConfigProvider.cs:50 
  at System.Linq.Enumerable+SelectIListIterator`2[TSource,TResult].MoveNext () [0x00048] in <37609d1fc2d04496895227262e1b2fe0>:0 
  at System.Linq.Set`1[TElement].UnionWith (System.Collections.Generic.IEnumerable`1[T] other) [0x00018] in <37609d1fc2d04496895227262e1b2fe0>:0 
  at System.Linq.Enumerable+DistinctIterator`1[TSource].FillSet () [0x0000b] in <37609d1fc2d04496895227262e1b2fe0>:0 
  at System.Linq.Enumerable+DistinctIterator`1[TSource].ToList () [0x00000] in <37609d1fc2d04496895227262e1b2fe0>:0 
  at System.Linq.Enumerable.ToList[TSource] (System.Collections.Generic.IEnumerable`1[T] source) [0x0001f] in <37609d1fc2d04496895227262e1b2fe0>:0 
  at Unity.Services.Core.Editor.OperatePackageVersionConfigProvider.FindAllOperatePackageInProject () [0x00001] in /Users/laurie/GitHub/Roll_a_Ball_Evolved/Library/PackageCache/com.unity.services.core@1.1.0-pre.69/Editor/Core/Telemetry/OperatePackageVersionConfigProvider.cs:41 
  at Unity.Services.Core.Editor.OperatePackageVersionConfigProvider..cctor () [0x00001] in /Users/laurie/GitHub/Roll_a_Ball_Evolved/Library/PackageCache/com.unity.services.core@1.1.0-pre.69/Editor/Core/Telemetry/OperatePackageVersionConfigProvider.cs:20 
   --- End of inner exception stack trace ---
  at (wrapper managed-to-native) System.Reflection.RuntimeConstructorInfo.InternalInvoke(System.Reflection.RuntimeConstructorInfo,object,object[],System.Exception&)
  at System.Reflection.RuntimeConstructorInfo.InternalInvoke (System.Object obj, System.Object[] parameters, System.Boolean wrapExceptions) [0x00005] in <e7b4371ec0dc4ed2ab84299cc150e9c3>:0 
   --- End of inner exception stack trace ---
  at System.Reflection.RuntimeConstructorInfo.InternalInvoke (System.Object obj, System.Object[] parameters, System.Boolean wrapExceptions) [0x0001a] in <e7b4371ec0dc4ed2ab84299cc150e9c3>:0 
  at System.RuntimeType.CreateInstanceMono (System.Boolean nonPublic, System.Boolean wrapExceptions) [0x00095] in <e7b4371ec0dc4ed2ab84299cc150e9c3>:0 
  at System.RuntimeType.CreateInstanceSlow (System.Boolean publicOnly, System.Boolean wrapExceptions, System.Boolean skipCheckThis, System.Boolean fillCache) [0x00009] in <e7b4371ec0dc4ed2ab84299cc150e9c3>:0 
  at System.RuntimeType.CreateInstanceDefaultCtor (System.Boolean publicOnly, System.Boolean skipCheckThis, System.Boolean fillCache, System.Boolean wrapExceptions, System.Threading.StackCrawlMark& stackMark) [0x00027] in <e7b4371ec0dc4ed2ab84299cc150e9c3>:0 
  at System.Activator.CreateInstance (System.Type type, System.Boolean nonPublic, System.Boolean wrapExceptions) [0x0002c] in <e7b4371ec0dc4ed2ab84299cc150e9c3>:0 
  at System.Activator.CreateInstance (System.Type type, System.Boolean nonPublic) [0x00000] in <e7b4371ec0dc4ed2ab84299cc150e9c3>:0 
  at System.Activator.CreateInstance (System.Type type) [0x00000] in <e7b4371ec0dc4ed2ab84299cc150e9c3>:0 
  at Unity.Services.Core.Configuration.Editor.ProjectConfigurationBuilder+<>c.<GenerateOrderedConfigurationProviders>b__5_1 (System.Type type) [0x00000] in /Users/laurie/GitHub/Roll_a_Ball_Evolved/Library/PackageCache/com.unity.services.core@1.1.0-pre.69/Editor/Core/Configuration/ProjectConfigurationBuilder.cs:46 
  at System.Linq.Enumerable+WhereSelectEnumerableIterator`2[TSource,TResult].ToArray () [0x0002b] in <37609d1fc2d04496895227262e1b2fe0>:0 
  at System.Linq.Buffer`1[TElement]..ctor (System.Collections.Generic.IEnumerable`1[T] source) [0x0000a] in <37609d1fc2d04496895227262e1b2fe0>:0 
  at System.Linq.OrderedEnumerable`1[TElement].ToArray () [0x00000] in <37609d1fc2d04496895227262e1b2fe0>:0 
  at System.Linq.Enumerable.ToArray[TSource] (System.Collections.Generic.IEnumerable`1[T] source) [0x0001f] in <37609d1fc2d04496895227262e1b2fe0>:0 
  at Unity.Services.Core.Configuration.Editor.ProjectConfigurationBuilder.GenerateOrderedConfigurationProviders () [0x00001] in /Users/laurie/GitHub/Roll_a_Ball_Evolved/Library/PackageCache/com.unity.services.core@1.1.0-pre.69/Editor/Core/Configuration/ProjectConfigurationBuilder.cs:44 
  at Unity.Services.Core.Configuration.Editor.ProjectConfigurationBuilder.CreateEditorInstanceIfNone () [0x00013] in /Users/laurie/GitHub/Roll_a_Ball_Evolved/Library/PackageCache/com.unity.services.core@1.1.0-pre.69/Editor/Core/Configuration/ProjectConfigurationBuilder.cs:38 
  at (wrapper managed-to-native) System.Reflection.RuntimeMethodInfo.InternalInvoke(System.Reflection.RuntimeMethodInfo,object,object[],System.Exception&)
  at System.Reflection.RuntimeMethodInfo.Invoke (System.Object obj, System.Reflection.BindingFlags invokeAttr, System.Reflection.Binder binder, System.Object[] parameters, System.Globalization.CultureInfo culture) [0x0006a] in <e7b4371ec0dc4ed2ab84299cc150e9c3>:0 
   --- End of inner exception stack trace ---
  at System.Reflection.RuntimeMethodInfo.Invoke (System.Object obj, System.Reflection.BindingFlags invokeAttr, System.Reflection.Binder binder, System.Object[] parameters, System.Globalization.CultureInfo culture) [0x00083] in <e7b4371ec0dc4ed2ab84299cc150e9c3>:0 
  at System.Reflection.MethodBase.Invoke (System.Object obj, System.Object[] parameters) [0x00000] in <e7b4371ec0dc4ed2ab84299cc150e9c3>:0 
  at UnityEditor.EditorAssemblies.ProcessInitializeOnLoadMethodAttributes () [0x000a5] in /Users/bokken/buildslave/unity/build/Editor/Mono/EditorAssemblies.cs:147 
UnityEngine.StackTraceUtility:ExtractStackTrace () (at /Users/bokken/buildslave/unity/build/Runtime/Export/Scripting/StackTrace.cs:37)
UnityEngine.DebugLogHandler:LogFormat (UnityEngine.LogType,UnityEngine.Object,string,object[])
UnityEngine.Logger:Log (UnityEngine.LogType,object)
UnityEngine.Debug:LogError (object)
UnityEditor.EditorAssemblies:ProcessInitializeOnLoadMethodAttributes () (at /Users/bokken/buildslave/unity/build/Editor/Mono/EditorAssemblies.cs:151)

(Filename: /Users/bokken/buildslave/unity/build/Editor/Mono/EditorAssemblies.cs Line: 151)

Mono: successfully reloaded assembly
- Completed reload, in  1.469 seconds
Domain Reload Profiling:
	ReloadAssembly (1471ms)
		BeginReloadAssembly (172ms)
			ExecutionOrderSort (0ms)
			DisableScriptedObjects (8ms)
			BackupInstance (0ms)
			ReleaseScriptingObjects (0ms)
			CreateAndSetChildDomain (89ms)
		EndReloadAssembly (1239ms)
			LoadAssemblies (49ms)
			RebuildTransferFunctionScriptingTraits (0ms)
			SetupTypeCache (209ms)
			ReleaseScriptCaches (3ms)
			RebuildScriptCaches (34ms)
			SetupLoadedEditorAssemblies (333ms)
				LogAssemblyErrors (0ms)
				InitializePlatformSupportModulesInManaged (5ms)
				SetLoadedEditorAssemblies (0ms)
				RefreshPlugins (1ms)
				BeforeProcessingInitializeOnLoad (53ms)
				ProcessInitializeOnLoadAttributes (227ms)
				ProcessInitializeOnLoadMethodAttributes (47ms)
				AfterProcessingInitializeOnLoad (1ms)
				EditorAssembliesLoaded (0ms)
			ExecutionOrderSort2 (0ms)
			AwakeInstancesAfterBackupRestoration (571ms)
Platform modules already initialized, skipping
Refreshing native plugins compatible for Editor in 0.62 ms, found 2 plugins.
Preloading 0 native plugins for Editor in 0.00 ms.
Unloading 5715 Unused Serialized files (Serialized files now loaded: 0)
Unloading 33 unused Assets / (0.7 MB). Loaded Objects now: 6312.
Memory consumption went from 361.6 MB to 360.9 MB.
Total: 5.937958 ms (FindLiveObjects: 0.577000 ms CreateObjectMapping: 0.183708 ms MarkObjects: 4.861917 ms  DeleteObjects: 0.314208 ms)

AssetImportParameters requested are different than current active one (requested -> active):
  custom:video-decoder-ogg-theora: a1e56fd34408186e4bbccfd4996cb3dc -> 
  custom:container-muxer-webm: aa71ff27fc2769a1b78a27578f13a17b -> 
  custom:container-demuxer-webm: 4f35f7cbe854078d1ac9338744f61a02 -> 
  custom:video-encoder-webm-vp8: eb34c28f22e8b96e1ab97ce403110664 -> 
  custom:framework-osx-AVFoundation: e770b220cccbd017edd2c1fefb359320 -> 
  custom:audio-encoder-webm-vorbis: bf7c407c2cedff20999df2af8eb42d56 -> 
  custom:container-demuxer-ogg: 62fdf1f143b41e24485cea50d1cbac27 -> 
  custom:video-decoder-webm-vp8: 9c59270c3fd7afecdb556c50c9e8de78 -> 
  custom:audio-decoder-ogg-vorbis: bf7c407c2cedff20999df2af8eb42d56 -> 
========================================================================
Received Prepare
Registering precompiled user dll's ...
Registered in 0.001323 seconds.
Begin MonoManager ReloadAssembly
Thread 0x16b293000 may have been prematurely finalized
Symbol file LoadedFromMemory doesn't match image /Users/laurie/GitHub/Roll_a_Ball_Evolved/Library/PackageCache/com.unity.visualscripting@1.7.6/Editor/VisualScripting.Core/Dependencies/YamlDotNet/Unity.VisualScripting.YamlDotNet.dll
Symbol file LoadedFromMemory doesn't match image /Users/laurie/GitHub/Roll_a_Ball_Evolved/Library/PackageCache/com.unity.visualscripting@1.7.6/Editor/VisualScripting.Core/Dependencies/DotNetZip/Unity.VisualScripting.IonicZip.dll
Native extension for OSXStandalone target not found
Refreshing native plugins compatible for Editor in 0.61 ms, found 2 plugins.
Preloading 0 native plugins for Editor in 0.00 ms.
System.NullReferenceException: Object reference not set to an instance of an object
  at Unity.Services.Core.Editor.PackageConfig..ctor (UnityEditor.PackageManager.PackageInfo packageInfo) [0x00001] in /Users/laurie/GitHub/Roll_a_Ball_Evolved/Library/PackageCache/com.unity.services.core@1.1.0-pre.69/Editor/Core/Telemetry/PackageConfig.cs:15 
  at Unity.Services.Core.Editor.OperatePackageVersionConfigProvider.<FindAllOperatePackageInProject>g__GetPackageConfigFrom|7_0 (System.Type type) [0x0000d] in /Users/laurie/GitHub/Roll_a_Ball_Evolved/Library/PackageCache/com.unity.services.core@1.1.0-pre.69/Editor/Core/Telemetry/OperatePackageVersionConfigProvider.cs:50 
  at System.Linq.Enumerable+SelectIListIterator`2[TSource,TResult].MoveNext () [0x00048] in <37609d1fc2d04496895227262e1b2fe0>:0 
  at System.Linq.Set`1[TElement].UnionWith (System.Collections.Generic.IEnumerable`1[T] other) [0x00018] in <37609d1fc2d04496895227262e1b2fe0>:0 
  at System.Linq.Enumerable+DistinctIterator`1[TSource].FillSet () [0x0000b] in <37609d1fc2d04496895227262e1b2fe0>:0 
  at System.Linq.Enumerable+DistinctIterator`1[TSource].ToList () [0x00000] in <37609d1fc2d04496895227262e1b2fe0>:0 
  at System.Linq.Enumerable.ToList[TSource] (System.Collections.Generic.IEnumerable`1[T] source) [0x0001f] in <37609d1fc2d04496895227262e1b2fe0>:0 
  at Unity.Services.Core.Editor.OperatePackageVersionConfigProvider.FindAllOperatePackageInProject () [0x00001] in /Users/laurie/GitHub/Roll_a_Ball_Evolved/Library/PackageCache/com.unity.services.core@1.1.0-pre.69/Editor/Core/Telemetry/OperatePackageVersionConfigProvider.cs:41 
  at Unity.Services.Core.Editor.OperatePackageVersionConfigProvider..cctor () [0x00001] in /Users/laurie/GitHub/Roll_a_Ball_Evolved/Library/PackageCache/com.unity.services.core@1.1.0-pre.69/Editor/Core/Telemetry/OperatePackageVersionConfigProvider.cs:20 
UnityEngine.StackTraceUtility:ExtractStackTrace () (at /Users/bokken/buildslave/unity/build/Runtime/Export/Scripting/StackTrace.cs:37)
UnityEngine.DebugLogHandler:LogFormat (UnityEngine.LogType,UnityEngine.Object,string,object[])
UnityEngine.Logger:Log (UnityEngine.LogType,object)
UnityEngine.Debug:LogError (object)
UnityEditor.EditorAssemblies:ProcessInitializeOnLoadAttributes (System.Type[]) (at /Users/bokken/buildslave/unity/build/Editor/Mono/EditorAssemblies.cs:130)

(Filename: /Users/bokken/buildslave/unity/build/Editor/Mono/EditorAssemblies.cs Line: 130)

System.Reflection.TargetInvocationException: Exception has been thrown by the target of an invocation. ---> System.Reflection.TargetInvocationException: Exception has been thrown by the target of an invocation. ---> System.TypeInitializationException: The type initializer for 'Unity.Services.Core.Editor.OperatePackageVersionConfigProvider' threw an exception. ---> System.NullReferenceException: Object reference not set to an instance of an object
  at Unity.Services.Core.Editor.PackageConfig..ctor (UnityEditor.PackageManager.PackageInfo packageInfo) [0x00001] in /Users/laurie/GitHub/Roll_a_Ball_Evolved/Library/PackageCache/com.unity.services.core@1.1.0-pre.69/Editor/Core/Telemetry/PackageConfig.cs:15 
  at Unity.Services.Core.Editor.OperatePackageVersionConfigProvider.<FindAllOperatePackageInProject>g__GetPackageConfigFrom|7_0 (System.Type type) [0x0000d] in /Users/laurie/GitHub/Roll_a_Ball_Evolved/Library/PackageCache/com.unity.services.core@1.1.0-pre.69/Editor/Core/Telemetry/OperatePackageVersionConfigProvider.cs:50 
  at System.Linq.Enumerable+SelectIListIterator`2[TSource,TResult].MoveNext () [0x00048] in <37609d1fc2d04496895227262e1b2fe0>:0 
  at System.Linq.Set`1[TElement].UnionWith (System.Collections.Generic.IEnumerable`1[T] other) [0x00018] in <37609d1fc2d04496895227262e1b2fe0>:0 
  at System.Linq.Enumerable+DistinctIterator`1[TSource].FillSet () [0x0000b] in <37609d1fc2d04496895227262e1b2fe0>:0 
  at System.Linq.Enumerable+DistinctIterator`1[TSource].ToList () [0x00000] in <37609d1fc2d04496895227262e1b2fe0>:0 
  at System.Linq.Enumerable.ToList[TSource] (System.Collections.Generic.IEnumerable`1[T] source) [0x0001f] in <37609d1fc2d04496895227262e1b2fe0>:0 
  at Unity.Services.Core.Editor.OperatePackageVersionConfigProvider.FindAllOperatePackageInProject () [0x00001] in /Users/laurie/GitHub/Roll_a_Ball_Evolved/Library/PackageCache/com.unity.services.core@1.1.0-pre.69/Editor/Core/Telemetry/OperatePackageVersionConfigProvider.cs:41 
  at Unity.Services.Core.Editor.OperatePackageVersionConfigProvider..cctor () [0x00001] in /Users/laurie/GitHub/Roll_a_Ball_Evolved/Library/PackageCache/com.unity.services.core@1.1.0-pre.69/Editor/Core/Telemetry/OperatePackageVersionConfigProvider.cs:20 
   --- End of inner exception stack trace ---
  at (wrapper managed-to-native) System.Reflection.RuntimeConstructorInfo.InternalInvoke(System.Reflection.RuntimeConstructorInfo,object,object[],System.Exception&)
  at System.Reflection.RuntimeConstructorInfo.InternalInvoke (System.Object obj, System.Object[] parameters, System.Boolean wrapExceptions) [0x00005] in <e7b4371ec0dc4ed2ab84299cc150e9c3>:0 
   --- End of inner exception stack trace ---
  at System.Reflection.RuntimeConstructorInfo.InternalInvoke (System.Object obj, System.Object[] parameters, System.Boolean wrapExceptions) [0x0001a] in <e7b4371ec0dc4ed2ab84299cc150e9c3>:0 
  at System.RuntimeType.CreateInstanceMono (System.Boolean nonPublic, System.Boolean wrapExceptions) [0x00095] in <e7b4371ec0dc4ed2ab84299cc150e9c3>:0 
  at System.RuntimeType.CreateInstanceSlow (System.Boolean publicOnly, System.Boolean wrapExceptions, System.Boolean skipCheckThis, System.Boolean fillCache) [0x00009] in <e7b4371ec0dc4ed2ab84299cc150e9c3>:0 
  at System.RuntimeType.CreateInstanceDefaultCtor (System.Boolean publicOnly, System.Boolean skipCheckThis, System.Boolean fillCache, System.Boolean wrapExceptions, System.Threading.StackCrawlMark& stackMark) [0x00027] in <e7b4371ec0dc4ed2ab84299cc150e9c3>:0 
  at System.Activator.CreateInstance (System.Type type, System.Boolean nonPublic, System.Boolean wrapExceptions) [0x0002c] in <e7b4371ec0dc4ed2ab84299cc150e9c3>:0 
  at System.Activator.CreateInstance (System.Type type, System.Boolean nonPublic) [0x00000] in <e7b4371ec0dc4ed2ab84299cc150e9c3>:0 
  at System.Activator.CreateInstance (System.Type type) [0x00000] in <e7b4371ec0dc4ed2ab84299cc150e9c3>:0 
  at Unity.Services.Core.Configuration.Editor.ProjectConfigurationBuilder+<>c.<GenerateOrderedConfigurationProviders>b__5_1 (System.Type type) [0x00000] in /Users/laurie/GitHub/Roll_a_Ball_Evolved/Library/PackageCache/com.unity.services.core@1.1.0-pre.69/Editor/Core/Configuration/ProjectConfigurationBuilder.cs:46 
  at System.Linq.Enumerable+WhereSelectEnumerableIterator`2[TSource,TResult].ToArray () [0x0002b] in <37609d1fc2d04496895227262e1b2fe0>:0 
  at System.Linq.Buffer`1[TElement]..ctor (System.Collections.Generic.IEnumerable`1[T] source) [0x0000a] in <37609d1fc2d04496895227262e1b2fe0>:0 
  at System.Linq.OrderedEnumerable`1[TElement].ToArray () [0x00000] in <37609d1fc2d04496895227262e1b2fe0>:0 
  at System.Linq.Enumerable.ToArray[TSource] (System.Collections.Generic.IEnumerable`1[T] source) [0x0001f] in <37609d1fc2d04496895227262e1b2fe0>:0 
  at Unity.Services.Core.Configuration.Editor.ProjectConfigurationBuilder.GenerateOrderedConfigurationProviders () [0x00001] in /Users/laurie/GitHub/Roll_a_Ball_Evolved/Library/PackageCache/com.unity.services.core@1.1.0-pre.69/Editor/Core/Configuration/ProjectConfigurationBuilder.cs:44 
  at Unity.Services.Core.Configuration.Editor.ProjectConfigurationBuilder.CreateEditorInstanceIfNone () [0x00013] in /Users/laurie/GitHub/Roll_a_Ball_Evolved/Library/PackageCache/com.unity.services.core@1.1.0-pre.69/Editor/Core/Configuration/ProjectConfigurationBuilder.cs:38 
  at (wrapper managed-to-native) System.Reflection.RuntimeMethodInfo.InternalInvoke(System.Reflection.RuntimeMethodInfo,object,object[],System.Exception&)
  at System.Reflection.RuntimeMethodInfo.Invoke (System.Object obj, System.Reflection.BindingFlags invokeAttr, System.Reflection.Binder binder, System.Object[] parameters, System.Globalization.CultureInfo culture) [0x0006a] in <e7b4371ec0dc4ed2ab84299cc150e9c3>:0 
   --- End of inner exception stack trace ---
  at System.Reflection.RuntimeMethodInfo.Invoke (System.Object obj, System.Reflection.BindingFlags invokeAttr, System.Reflection.Binder binder, System.Object[] parameters, System.Globalization.CultureInfo culture) [0x00083] in <e7b4371ec0dc4ed2ab84299cc150e9c3>:0 
  at System.Reflection.MethodBase.Invoke (System.Object obj, System.Object[] parameters) [0x00000] in <e7b4371ec0dc4ed2ab84299cc150e9c3>:0 
  at UnityEditor.EditorAssemblies.ProcessInitializeOnLoadMethodAttributes () [0x000a5] in /Users/bokken/buildslave/unity/build/Editor/Mono/EditorAssemblies.cs:147 
UnityEngine.StackTraceUtility:ExtractStackTrace () (at /Users/bokken/buildslave/unity/build/Runtime/Export/Scripting/StackTrace.cs:37)
UnityEngine.DebugLogHandler:LogFormat (UnityEngine.LogType,UnityEngine.Object,string,object[])
UnityEngine.Logger:Log (UnityEngine.LogType,object)
UnityEngine.Debug:LogError (object)
UnityEditor.EditorAssemblies:ProcessInitializeOnLoadMethodAttributes () (at /Users/bokken/buildslave/unity/build/Editor/Mono/EditorAssemblies.cs:151)

(Filename: /Users/bokken/buildslave/unity/build/Editor/Mono/EditorAssemblies.cs Line: 151)

Mono: successfully reloaded assembly
- Completed reload, in  0.936 seconds
Domain Reload Profiling:
	ReloadAssembly (937ms)
		BeginReloadAssembly (137ms)
			ExecutionOrderSort (0ms)
			DisableScriptedObjects (8ms)
			BackupInstance (0ms)
			ReleaseScriptingObjects (0ms)
			CreateAndSetChildDomain (69ms)
		EndReloadAssembly (729ms)
			LoadAssemblies (42ms)
			RebuildTransferFunctionScriptingTraits (0ms)
			SetupTypeCache (217ms)
			ReleaseScriptCaches (2ms)
			RebuildScriptCaches (33ms)
			SetupLoadedEditorAssemblies (328ms)
				LogAssemblyErrors (0ms)
				InitializePlatformSupportModulesInManaged (5ms)
				SetLoadedEditorAssemblies (0ms)
				RefreshPlugins (1ms)
				BeforeProcessingInitializeOnLoad (53ms)
				ProcessInitializeOnLoadAttributes (220ms)
				ProcessInitializeOnLoadMethodAttributes (48ms)
				AfterProcessingInitializeOnLoad (1ms)
				EditorAssembliesLoaded (0ms)
			ExecutionOrderSort2 (0ms)
			AwakeInstancesAfterBackupRestoration (67ms)
Platform modules already initialized, skipping
Refreshing native plugins compatible for Editor in 0.80 ms, found 2 plugins.
Preloading 0 native plugins for Editor in 0.00 ms.
Unloading 5715 Unused Serialized files (Serialized files now loaded: 0)
Unloading 33 unused Assets / (0.7 MB). Loaded Objects now: 6314.
Memory consumption went from 362.0 MB to 361.3 MB.
Total: 10.156583 ms (FindLiveObjects: 0.546500 ms CreateObjectMapping: 0.146000 ms MarkObjects: 9.092292 ms  DeleteObjects: 0.370708 ms)

AssetImportParameters requested are different than current active one (requested -> active):
  custom:video-decoder-ogg-theora: a1e56fd34408186e4bbccfd4996cb3dc -> 
  custom:container-muxer-webm: aa71ff27fc2769a1b78a27578f13a17b -> 
  custom:container-demuxer-webm: 4f35f7cbe854078d1ac9338744f61a02 -> 
  custom:video-encoder-webm-vp8: eb34c28f22e8b96e1ab97ce403110664 -> 
  custom:framework-osx-AVFoundation: e770b220cccbd017edd2c1fefb359320 -> 
  custom:audio-encoder-webm-vorbis: bf7c407c2cedff20999df2af8eb42d56 -> 
  custom:container-demuxer-ogg: 62fdf1f143b41e24485cea50d1cbac27 -> 
  custom:video-decoder-webm-vp8: 9c59270c3fd7afecdb556c50c9e8de78 -> 
  custom:audio-decoder-ogg-vorbis: bf7c407c2cedff20999df2af8eb42d56 -> 
